c:\new folder\sme-assignment\space-invaders\space-invaders\x64\release\animatedimageview.obj
c:\new folder\sme-assignment\space-invaders\space-invaders\x64\release\bunkercontroller.obj
c:\new folder\sme-assignment\space-invaders\space-invaders\x64\release\bunkerdata.obj
c:\new folder\sme-assignment\space-invaders\space-invaders\x64\release\bunkerview.obj
c:\new folder\sme-assignment\space-invaders\space-invaders\x64\release\buttonview.obj
c:\new folder\sme-assignment\space-invaders\space-invaders\x64\release\collisionservice.obj
c:\new folder\sme-assignment\space-invaders\space-invaders\x64\release\config.obj
c:\new folder\sme-assignment\space-invaders\space-invaders\x64\release\creditsscreenuicontroller.obj
c:\new folder\sme-assignment\space-invaders\space-invaders\x64\release\elementservice.obj
c:\new folder\sme-assignment\space-invaders\space-invaders\x64\release\enemycontroller.obj
c:\new folder\sme-assignment\space-invaders\space-invaders\x64\release\enemymodel.obj
c:\new folder\sme-assignment\space-invaders\space-invaders\x64\release\enemyservice.obj
c:\new folder\sme-assignment\space-invaders\space-invaders\x64\release\enemyview.obj
c:\new folder\sme-assignment\space-invaders\space-invaders\x64\release\eventservice.obj
c:\new folder\sme-assignment\space-invaders\space-invaders\x64\release\gameplaycontroller.obj
c:\new folder\sme-assignment\space-invaders\space-invaders\x64\release\gameplayservice.obj
c:\new folder\sme-assignment\space-invaders\space-invaders\x64\release\gameplayuicontroller.obj
c:\new folder\sme-assignment\space-invaders\space-invaders\x64\release\gameplayview.obj
c:\new folder\sme-assignment\space-invaders\space-invaders\x64\release\gameservice.obj
c:\new folder\sme-assignment\space-invaders\space-invaders\x64\release\graphicservice.obj
c:\new folder\sme-assignment\space-invaders\space-invaders\x64\release\highscore.obj
c:\new folder\sme-assignment\space-invaders\space-invaders\x64\release\icollider.obj
c:\new folder\sme-assignment\space-invaders\space-invaders\x64\release\imageview.obj
c:\new folder\sme-assignment\space-invaders\space-invaders\x64\release\instructionsscreenuicontroller.obj
c:\new folder\sme-assignment\space-invaders\space-invaders\x64\release\main.obj
c:\new folder\sme-assignment\space-invaders\space-invaders\x64\release\mainmenuuicontroller.obj
c:\new folder\sme-assignment\space-invaders\space-invaders\x64\release\outscalbombcontroller.obj
c:\new folder\sme-assignment\space-invaders\space-invaders\x64\release\particleservice.obj
c:\new folder\sme-assignment\space-invaders\space-invaders\x64\release\particlesystem.obj
c:\new folder\sme-assignment\space-invaders\space-invaders\x64\release\playercontroller.obj
c:\new folder\sme-assignment\space-invaders\space-invaders\x64\release\playermodel.obj
c:\new folder\sme-assignment\space-invaders\space-invaders\x64\release\playerservice.obj
c:\new folder\sme-assignment\space-invaders\space-invaders\x64\release\powerupcontroller.obj
c:\new folder\sme-assignment\space-invaders\space-invaders\x64\release\powerupmodel.obj
c:\new folder\sme-assignment\space-invaders\space-invaders\x64\release\powerupservice.obj
c:\new folder\sme-assignment\space-invaders\space-invaders\x64\release\powerupview.obj
c:\new folder\sme-assignment\space-invaders\space-invaders\x64\release\rapidfirecontroller.obj
c:\new folder\sme-assignment\space-invaders\space-invaders\x64\release\rectangleshapeview.obj
c:\new folder\sme-assignment\space-invaders\space-invaders\x64\release\servicelocator.obj
c:\new folder\sme-assignment\space-invaders\space-invaders\x64\release\shieldcontroller.obj
c:\new folder\sme-assignment\space-invaders\space-invaders\x64\release\soundservice.obj
c:\new folder\sme-assignment\space-invaders\space-invaders\x64\release\splashscreenuicontroller.obj
c:\new folder\sme-assignment\space-invaders\space-invaders\x64\release\subzerocontroller.obj
c:\new folder\sme-assignment\space-invaders\space-invaders\x64\release\textview.obj
c:\new folder\sme-assignment\space-invaders\space-invaders\x64\release\thundersnakecontroller.obj
c:\new folder\sme-assignment\space-invaders\space-invaders\x64\release\timeservice.obj
c:\new folder\sme-assignment\space-invaders\space-invaders\x64\release\tripplelasercontroller.obj
c:\new folder\sme-assignment\space-invaders\space-invaders\x64\release\ufocontroller.obj
c:\new folder\sme-assignment\space-invaders\space-invaders\x64\release\uiservice.obj
c:\new folder\sme-assignment\space-invaders\space-invaders\x64\release\uiview.obj
c:\new folder\sme-assignment\space-invaders\space-invaders\x64\release\zappercontroller.obj
c:\new folder\sme-assignment\space-invaders\space-invaders\x64\release\vc143.pdb
c:\new folder\sme-assignment\space-invaders\space-invaders\x64\release\space-invaders.tlog\cl.command.1.tlog
