  EnemyController.cpp
C:\New folder\SME-Assignment\Space-Invaders\header\Player\PlayerModel.h(57,52): warning C4244: 'initializing': conversion from 'float' to 'const int', possible loss of data
  (compiling source file 'source/Enemy/EnemyController.cpp')
  
C:\New folder\SME-Assignment\Space-Invaders\source\Enemy\EnemyController.cpp(53,27): warning C4244: 'initializing': conversion from 'int' to 'float', possible loss of data
  PowerupController.cpp
C:\New folder\SME-Assignment\Space-Invaders\header\Player\PlayerModel.h(57,52): warning C4244: 'initializing': conversion from 'float' to 'const int', possible loss of data
  (compiling source file 'source/Powerup/PowerupController.cpp')
  
  PlayerController.cpp
C:\New folder\SME-Assignment\Space-Invaders\header\Player\PlayerModel.h(57,52): warning C4244: 'initializing': conversion from 'float' to 'const int', possible loss of data
  (compiling source file 'source/Player/PlayerController.cpp')
  
C:\New folder\SME-Assignment\Space-Invaders\header\Gameplay\HighScore.h(17,6): warning C4091: 'static ': ignored on left of 'Gameplay::HighScore' when no variable is declared
  (compiling source file 'source/Player/PlayerController.cpp')
  
  PlayerService.cpp
C:\New folder\SME-Assignment\Space-Invaders\header\Player\PlayerModel.h(57,52): warning C4244: 'initializing': conversion from 'float' to 'const int', possible loss of data
  (compiling source file 'source/Player/PlayerService.cpp')
  
  PlayerView.cpp
C:\New folder\SME-Assignment\Space-Invaders\header\Player\PlayerModel.h(57,52): warning C4244: 'initializing': conversion from 'float' to 'const int', possible loss of data
  (compiling source file 'source/Player/PlayerView.cpp')
  
C:\New folder\SME-Assignment\Space-Invaders\header\Player\PlayerController.h(20,20): error C2143: syntax error: missing ';' before '*'
  (compiling source file 'source/Player/PlayerView.cpp')
  
C:\New folder\SME-Assignment\Space-Invaders\header\Player\PlayerController.h(20,20): error C4430: missing type specifier - int assumed. Note: C++ does not support default-int
  (compiling source file 'source/Player/PlayerView.cpp')
  
C:\New folder\SME-Assignment\Space-Invaders\header\Player\PlayerController.h(20,33): error C2238: unexpected token(s) preceding ';'
  (compiling source file 'source/Player/PlayerView.cpp')
  
  Generating Code...
